<?xml version="1.0" encoding="UTF-8" ?>
<testsuite tests="20" failures="2" name="com.bandtec.projeto.lista.desafio.ListaUtilTest" time="0.029" errors="0" skipped="0">
  <properties>
[...]
</properties>
  <testcase classname="com.bandtec.projeto.lista.desafio.ListaUtilTest" name="com.bandtec.projeto.lista.desafio.ListaUtilTest.testGetMenorQuandoAcionadoEListaEstaVaziaDeveRetornar0" time="0.004"/>
  <testcase classname="com.bandtec.projeto.lista.desafio.ListaUtilTest" name="com.bandtec.projeto.lista.desafio.ListaUtilTest.testGetMaiorQuandoAcionadoEListaEstaVaziaDeveRetornar0" time="0"/>
  <testcase classname="com.bandtec.projeto.lista.desafio.ListaUtilTest" name="com.bandtec.projeto.lista.desafio.ListaUtilTest.testRemoveQuandoAcionadoComArgumentoNuloNaoAlteraTamanhoDaLista" time="0"/>
  <testcase classname="com.bandtec.projeto.lista.desafio.ListaUtilTest" name="com.bandtec.projeto.lista.desafio.ListaUtilTest.testRemoveQuandoAcionadoComArgumento10DiminuiTamanhoDaLista" time="0"/>
  <testcase classname="com.bandtec.projeto.lista.desafio.ListaUtilTest" name="com.bandtec.projeto.lista.desafio.ListaUtilTest.testHasDuplicidadeQuandoAcionadoEListaPossuiDuplicidadeDeveRetornarTrue" time="0.019">
    <failure message="Index 7 out of bounds for length 7" type="java.lang.IndexOutOfBoundsException">java.lang.IndexOutOfBoundsException: Index 7 out of bounds for length 7
	at java.base/jdk.internal.util.Preconditions.outOfBounds(Preconditions.java:64)
	at java.base/jdk.internal.util.Preconditions.outOfBoundsCheckIndex(Preconditions.java:70)
	at java.base/jdk.internal.util.Preconditions.checkIndex(Preconditions.java:248)
	at java.base/java.util.Objects.checkIndex(Objects.java:372)
	at java.base/java.util.ArrayList.get(ArrayList.java:459)
	at com.bandtec.projeto.lista.desafio.ListaUtil.hasDuplicidade(ListaUtil.java:90)
	at com.bandtec.projeto.lista.desafio.ListaUtilTest.testHasDuplicidadeQuandoAcionadoEListaPossuiDuplicidadeDeveRetornarTrue(ListaUtilTest.java:208)
</failure>
    <system-out>TESTE HASDUPLICIDADE: COM DUPLICIDADE
</system-out>
  </testcase>
  <testcase classname="com.bandtec.projeto.lista.desafio.ListaUtilTest" name="com.bandtec.projeto.lista.desafio.ListaUtilTest.testCountImparesQuandoAcionadoEListaPossui3ImparesRetorna3" time="0.001"/>
  <testcase classname="com.bandtec.projeto.lista.desafio.ListaUtilTest" name="com.bandtec.projeto.lista.desafio.ListaUtilTest.testHasDuplicidadeQuandoAcionadoEListaEstaVaziaDeveRetornarFalse" time="0"/>
  <testcase classname="com.bandtec.projeto.lista.desafio.ListaUtilTest" name="com.bandtec.projeto.lista.desafio.ListaUtilTest.testCountQuandoAcionadoEListaEstaVaziaRetorna0" time="0"/>
  <testcase classname="com.bandtec.projeto.lista.desafio.ListaUtilTest" name="com.bandtec.projeto.lista.desafio.ListaUtilTest.testCountParesQuandoAcionadoEListaPossui6ParesRetorna6" time="0"/>
  <testcase classname="com.bandtec.projeto.lista.desafio.ListaUtilTest" name="com.bandtec.projeto.lista.desafio.ListaUtilTest.testAddQuandoAcionadoComValorPositivosENegativosAumentaTamanhoDaLista" time="0"/>
  <testcase classname="com.bandtec.projeto.lista.desafio.ListaUtilTest" name="com.bandtec.projeto.lista.desafio.ListaUtilTest.testRemoveQuandoAcionadoComArgumento101NaoDiminuiTamanhoDaLista" time="0.001"/>
  <testcase classname="com.bandtec.projeto.lista.desafio.ListaUtilTest" name="com.bandtec.projeto.lista.desafio.ListaUtilTest.testCountImparesQuandoAcionadoEListaEstaVaziaRetorna0" time="0"/>
  <testcase classname="com.bandtec.projeto.lista.desafio.ListaUtilTest" name="com.bandtec.projeto.lista.desafio.ListaUtilTest.testCountParesQuandoAcionadoEListaEstaVaziaRetorna0" time="0"/>
  <testcase classname="com.bandtec.projeto.lista.desafio.ListaUtilTest" name="com.bandtec.projeto.lista.desafio.ListaUtilTest.testCountQuandoAcionadoEListaPossui3IndicesPreenchidosRetorna3" time="0"/>
  <testcase classname="com.bandtec.projeto.lista.desafio.ListaUtilTest" name="com.bandtec.projeto.lista.desafio.ListaUtilTest.testAddQuandoAcionadoComArgumentoNuloNaoAlteraTamanhoDaLista" time="0"/>
  <testcase classname="com.bandtec.projeto.lista.desafio.ListaUtilTest" name="com.bandtec.projeto.lista.desafio.ListaUtilTest.testGetMenorQuandoAcionadoDeveRetornar10Negativo" time="0"/>
  <testcase classname="com.bandtec.projeto.lista.desafio.ListaUtilTest" name="com.bandtec.projeto.lista.desafio.ListaUtilTest.testGetMaiorQuandoAcionadoDeveRetornar42" time="0"/>
  <testcase classname="com.bandtec.projeto.lista.desafio.ListaUtilTest" name="com.bandtec.projeto.lista.desafio.ListaUtilTest.testSomarQuandoAcionadoEListaEstavaziaDeveRetornar0" time="0"/>
  <testcase classname="com.bandtec.projeto.lista.desafio.ListaUtilTest" name="com.bandtec.projeto.lista.desafio.ListaUtilTest.testSomarQuandoAcionadoDeveRetornar42" time="0.001"/>
  <testcase classname="com.bandtec.projeto.lista.desafio.ListaUtilTest" name="com.bandtec.projeto.lista.desafio.ListaUtilTest.testHasDuplicidadeQuandoAcionadoEListaNaoPossuiDuplicidadeDeveRetornarFalse" time="0.003">
    <failure message="Index 6 out of bounds for length 6" type="java.lang.IndexOutOfBoundsException">java.lang.IndexOutOfBoundsException: Index 6 out of bounds for length 6
	at java.base/jdk.internal.util.Preconditions.outOfBounds(Preconditions.java:64)
	at java.base/jdk.internal.util.Preconditions.outOfBoundsCheckIndex(Preconditions.java:70)
	at java.base/jdk.internal.util.Preconditions.checkIndex(Preconditions.java:248)
	at java.base/java.util.Objects.checkIndex(Objects.java:372)
	at java.base/java.util.ArrayList.get(ArrayList.java:459)
	at com.bandtec.projeto.lista.desafio.ListaUtil.hasDuplicidade(ListaUtil.java:90)
	at com.bandtec.projeto.lista.desafio.ListaUtilTest.testHasDuplicidadeQuandoAcionadoEListaNaoPossuiDuplicidadeDeveRetornarFalse(ListaUtilTest.java:223)
</failure>
    <system-out>TESTE HASDUPLICIDADE: SEM DUPLICIDADE
</system-out>
  </testcase>
</testsuite>